2020-09-14 11:34:01.175 [http-nio-8888-exec-10] INFO  com.course.controller.UserManager - 查看到的结果是0
2020-09-14 11:34:01.757 [http-nio-8888-exec-1] INFO  com.course.controller.UserManager - cookies验证通过
2020-09-14 11:34:01.772 [http-nio-8888-exec-1] INFO  com.course.controller.UserManager - getUserInfo获取到的用户数量是5
2020-09-14 11:34:51.158 [http-nio-8888-exec-3] INFO  com.course.controller.UserManager - 查看到的结果是0
2020-09-14 11:34:51.715 [http-nio-8888-exec-4] INFO  com.course.controller.UserManager - cookies验证通过
2020-09-14 11:34:51.733 [http-nio-8888-exec-4] INFO  com.course.controller.UserManager - getUserInfo获取到的用户数量是5
2020-09-14 11:42:45.705 [http-nio-8888-exec-6] INFO  com.course.controller.UserManager - 查看到的结果是0
2020-09-14 11:42:46.279 [http-nio-8888-exec-7] INFO  com.course.controller.UserManager - cookies验证通过
2020-09-14 11:42:46.290 [http-nio-8888-exec-7] INFO  com.course.controller.UserManager - getUserInfo获取到的用户数量是5
2020-09-14 14:14:22.462 [http-nio-8888-exec-9] INFO  com.course.controller.UserManager - 查看到的结果是0
2020-09-14 14:14:23.898 [http-nio-8888-exec-10] INFO  com.course.controller.UserManager - cookies验证通过
2020-09-14 14:14:23.911 [http-nio-8888-exec-10] INFO  com.course.controller.UserManager - getUserInfo获取到的用户数量是5
2020-09-14 14:20:51.065 [http-nio-8888-exec-2] INFO  com.course.controller.UserManager - 查看到的结果是0
2020-09-14 14:20:51.984 [http-nio-8888-exec-3] INFO  com.course.controller.UserManager - cookies验证通过
2020-09-14 14:20:51.996 [http-nio-8888-exec-3] INFO  com.course.controller.UserManager - getUserInfo获取到的用户数量是5
2020-09-14 14:21:33.319 [main] INFO  com.course.Application - Starting Application on LAPTOP-ACDUHEGL with PID 31100 (started by 86151 in D:\desktop\interface testing\AotuTest)
2020-09-14 14:21:33.323 [main] INFO  com.course.Application - No active profile set, falling back to default profiles: default
2020-09-14 14:21:33.415 [main] INFO  o.s.boot.context.embedded.AnnotationConfigEmbeddedWebApplicationContext - Refreshing org.springframework.boot.context.embedded.AnnotationConfigEmbeddedWebApplicationContext@130d63be: startup date [Mon Sep 14 14:21:33 CST 2020]; root of context hierarchy
2020-09-14 14:21:35.122 [main] WARN  org.mybatis.spring.mapper.ClassPathMapperScanner - No MyBatis mapper was found in '[com.course]' package. Please check your configuration.
2020-09-14 14:21:35.488 [main] INFO  o.s.context.support.PostProcessorRegistrationDelegate$BeanPostProcessorChecker - Bean 'org.springframework.transaction.annotation.ProxyTransactionManagementConfiguration' of type [org.springframework.transaction.annotation.ProxyTransactionManagementConfiguration$$EnhancerBySpringCGLIB$$e0fe4989] is not eligible for getting processed by all BeanPostProcessors (for example: not eligible for auto-proxying)
2020-09-14 14:21:35.781 [main] INFO  org.springframework.boot.context.embedded.tomcat.TomcatEmbeddedServletContainer - Tomcat initialized with port(s): 8888 (http)
2020-09-14 14:21:35.803 [main] INFO  org.apache.catalina.core.StandardService - Starting service Tomcat
2020-09-14 14:21:35.808 [main] INFO  org.apache.catalina.core.StandardEngine - Starting Servlet Engine: Apache Tomcat/8.5.14
2020-09-14 14:21:35.993 [localhost-startStop-1] INFO  org.apache.catalina.core.ContainerBase.[Tomcat].[localhost].[/] - Initializing Spring embedded WebApplicationContext
2020-09-14 14:21:35.993 [localhost-startStop-1] INFO  org.springframework.web.context.ContextLoader - Root WebApplicationContext: initialization completed in 2578 ms
2020-09-14 14:21:36.196 [localhost-startStop-1] INFO  org.springframework.boot.web.servlet.ServletRegistrationBean - Mapping servlet: 'dispatcherServlet' to [/]
2020-09-14 14:21:36.201 [localhost-startStop-1] INFO  org.springframework.boot.web.servlet.FilterRegistrationBean - Mapping filter: 'characterEncodingFilter' to: [/*]
2020-09-14 14:21:36.201 [localhost-startStop-1] INFO  org.springframework.boot.web.servlet.FilterRegistrationBean - Mapping filter: 'hiddenHttpMethodFilter' to: [/*]
2020-09-14 14:21:36.201 [localhost-startStop-1] INFO  org.springframework.boot.web.servlet.FilterRegistrationBean - Mapping filter: 'httpPutFormContentFilter' to: [/*]
2020-09-14 14:21:36.201 [localhost-startStop-1] INFO  org.springframework.boot.web.servlet.FilterRegistrationBean - Mapping filter: 'requestContextFilter' to: [/*]
2020-09-14 14:21:37.030 [main] INFO  o.springframework.web.servlet.mvc.method.annotation.RequestMappingHandlerMapping - Mapped "{[/v1/getUserInfo],methods=[POST]}" onto public java.util.List<com.course.model.User> com.course.controller.UserManager.getUserInfo(javax.servlet.http.HttpServletRequest,com.course.model.User)
2020-09-14 14:21:37.031 [main] INFO  o.springframework.web.servlet.mvc.method.annotation.RequestMappingHandlerMapping - Mapped "{[/v1/login],methods=[POST]}" onto public boolean com.course.controller.UserManager.login(javax.servlet.http.HttpServletResponse,com.course.model.User)
2020-09-14 14:21:37.032 [main] INFO  o.springframework.web.servlet.mvc.method.annotation.RequestMappingHandlerMapping - Mapped "{[/v1/updateUserInfo],methods=[POST]}" onto public int com.course.controller.UserManager.updateUser(javax.servlet.http.HttpServletRequest,com.course.model.User)
2020-09-14 14:21:37.032 [main] INFO  o.springframework.web.servlet.mvc.method.annotation.RequestMappingHandlerMapping - Mapped "{[/v1/addUser],methods=[POST]}" onto public boolean com.course.controller.UserManager.addUser(javax.servlet.http.HttpServletRequest,com.course.model.User)
2020-09-14 14:21:37.033 [main] INFO  o.springframework.web.servlet.mvc.method.annotation.RequestMappingHandlerMapping - Mapped "{[/v2/api-docs],methods=[GET],produces=[application/json || application/hal+json]}" onto public org.springframework.http.ResponseEntity<springfox.documentation.spring.web.json.Json> springfox.documentation.swagger2.web.Swagger2Controller.getDocumentation(java.lang.String,javax.servlet.http.HttpServletRequest)
2020-09-14 14:21:37.038 [main] INFO  o.springframework.web.servlet.mvc.method.annotation.RequestMappingHandlerMapping - Mapped "{[/swagger-resources/configuration/security]}" onto org.springframework.http.ResponseEntity<springfox.documentation.swagger.web.SecurityConfiguration> springfox.documentation.swagger.web.ApiResourceController.securityConfiguration()
2020-09-14 14:21:37.040 [main] INFO  o.springframework.web.servlet.mvc.method.annotation.RequestMappingHandlerMapping - Mapped "{[/swagger-resources/configuration/ui]}" onto org.springframework.http.ResponseEntity<springfox.documentation.swagger.web.UiConfiguration> springfox.documentation.swagger.web.ApiResourceController.uiConfiguration()
2020-09-14 14:21:37.041 [main] INFO  o.springframework.web.servlet.mvc.method.annotation.RequestMappingHandlerMapping - Mapped "{[/swagger-resources]}" onto org.springframework.http.ResponseEntity<java.util.List<springfox.documentation.swagger.web.SwaggerResource>> springfox.documentation.swagger.web.ApiResourceController.swaggerResources()
2020-09-14 14:21:37.045 [main] INFO  o.springframework.web.servlet.mvc.method.annotation.RequestMappingHandlerMapping - Mapped "{[/error]}" onto public org.springframework.http.ResponseEntity<java.util.Map<java.lang.String, java.lang.Object>> org.springframework.boot.autoconfigure.web.BasicErrorController.error(javax.servlet.http.HttpServletRequest)
2020-09-14 14:21:37.045 [main] INFO  o.springframework.web.servlet.mvc.method.annotation.RequestMappingHandlerMapping - Mapped "{[/error],produces=[text/html]}" onto public org.springframework.web.servlet.ModelAndView org.springframework.boot.autoconfigure.web.BasicErrorController.errorHtml(javax.servlet.http.HttpServletRequest,javax.servlet.http.HttpServletResponse)
2020-09-14 14:21:37.216 [main] INFO  o.springframework.web.servlet.mvc.method.annotation.RequestMappingHandlerAdapter - Looking for @ControllerAdvice: org.springframework.boot.context.embedded.AnnotationConfigEmbeddedWebApplicationContext@130d63be: startup date [Mon Sep 14 14:21:33 CST 2020]; root of context hierarchy
2020-09-14 14:21:37.272 [main] INFO  org.springframework.web.servlet.handler.SimpleUrlHandlerMapping - Mapped URL path [/webjars/**] onto handler of type [class org.springframework.web.servlet.resource.ResourceHttpRequestHandler]
2020-09-14 14:21:37.272 [main] INFO  org.springframework.web.servlet.handler.SimpleUrlHandlerMapping - Mapped URL path [/**] onto handler of type [class org.springframework.web.servlet.resource.ResourceHttpRequestHandler]
2020-09-14 14:21:37.321 [main] INFO  org.springframework.web.servlet.handler.SimpleUrlHandlerMapping - Mapped URL path [/**/favicon.ico] onto handler of type [class org.springframework.web.servlet.resource.ResourceHttpRequestHandler]
2020-09-14 14:21:37.522 [main] INFO  org.springframework.jmx.export.annotation.AnnotationMBeanExporter - Registering beans for JMX exposure on startup
2020-09-14 14:21:37.531 [main] INFO  org.springframework.context.support.DefaultLifecycleProcessor - Starting beans in phase 2147483647
2020-09-14 14:21:37.531 [main] INFO  springfox.documentation.spring.web.plugins.DocumentationPluginsBootstrapper - Context refreshed
2020-09-14 14:21:37.545 [main] INFO  springfox.documentation.spring.web.plugins.DocumentationPluginsBootstrapper - Found 1 custom documentation plugin(s)
2020-09-14 14:21:37.557 [main] INFO  springfox.documentation.spring.web.scanners.ApiListingReferenceScanner - Scanning for api listing references
2020-09-14 14:21:37.849 [main] INFO  org.springframework.boot.context.embedded.tomcat.TomcatEmbeddedServletContainer - Tomcat started on port(s): 8888 (http)
2020-09-14 14:21:37.855 [main] INFO  com.course.Application - Started Application in 4.921 seconds (JVM running for 6.018)
2020-09-14 14:21:49.118 [http-nio-8888-exec-1] INFO  org.apache.catalina.core.ContainerBase.[Tomcat].[localhost].[/] - Initializing Spring FrameworkServlet 'dispatcherServlet'
2020-09-14 14:21:49.118 [http-nio-8888-exec-1] INFO  org.springframework.web.servlet.DispatcherServlet - FrameworkServlet 'dispatcherServlet': initialization started
2020-09-14 14:21:49.216 [http-nio-8888-exec-1] INFO  org.springframework.web.servlet.DispatcherServlet - FrameworkServlet 'dispatcherServlet': initialization completed in 98 ms
2020-09-14 14:21:50.663 [http-nio-8888-exec-1] INFO  com.course.controller.UserManager - 查看到的结果是0
2020-09-14 14:21:51.363 [http-nio-8888-exec-2] INFO  com.course.controller.UserManager - cookies验证通过
2020-09-14 14:21:51.363 [http-nio-8888-exec-2] INFO  com.course.controller.UserManager - 入参是
2020-09-14 14:21:51.397 [http-nio-8888-exec-2] INFO  com.course.controller.UserManager - getUserInfo获取到的用户数量是5
2020-09-14 14:22:59.951 [main] INFO  com.course.Application - Starting Application on LAPTOP-ACDUHEGL with PID 29176 (started by 86151 in D:\desktop\interface testing\AotuTest)
2020-09-14 14:22:59.954 [main] INFO  com.course.Application - No active profile set, falling back to default profiles: default
2020-09-14 14:23:00.027 [main] INFO  o.s.boot.context.embedded.AnnotationConfigEmbeddedWebApplicationContext - Refreshing org.springframework.boot.context.embedded.AnnotationConfigEmbeddedWebApplicationContext@130d63be: startup date [Mon Sep 14 14:23:00 CST 2020]; root of context hierarchy
2020-09-14 14:23:01.195 [main] WARN  org.mybatis.spring.mapper.ClassPathMapperScanner - No MyBatis mapper was found in '[com.course]' package. Please check your configuration.
2020-09-14 14:23:01.578 [main] INFO  o.s.context.support.PostProcessorRegistrationDelegate$BeanPostProcessorChecker - Bean 'org.springframework.transaction.annotation.ProxyTransactionManagementConfiguration' of type [org.springframework.transaction.annotation.ProxyTransactionManagementConfiguration$$EnhancerBySpringCGLIB$$4e6d7c9e] is not eligible for getting processed by all BeanPostProcessors (for example: not eligible for auto-proxying)
2020-09-14 14:23:01.808 [main] INFO  org.springframework.boot.context.embedded.tomcat.TomcatEmbeddedServletContainer - Tomcat initialized with port(s): 8888 (http)
2020-09-14 14:23:01.817 [main] INFO  org.apache.catalina.core.StandardService - Starting service Tomcat
2020-09-14 14:23:01.817 [main] INFO  org.apache.catalina.core.StandardEngine - Starting Servlet Engine: Apache Tomcat/8.5.14
2020-09-14 14:23:01.928 [localhost-startStop-1] INFO  org.apache.catalina.core.ContainerBase.[Tomcat].[localhost].[/] - Initializing Spring embedded WebApplicationContext
2020-09-14 14:23:01.928 [localhost-startStop-1] INFO  org.springframework.web.context.ContextLoader - Root WebApplicationContext: initialization completed in 1902 ms
2020-09-14 14:23:02.108 [localhost-startStop-1] INFO  org.springframework.boot.web.servlet.ServletRegistrationBean - Mapping servlet: 'dispatcherServlet' to [/]
2020-09-14 14:23:02.112 [localhost-startStop-1] INFO  org.springframework.boot.web.servlet.FilterRegistrationBean - Mapping filter: 'characterEncodingFilter' to: [/*]
2020-09-14 14:23:02.112 [localhost-startStop-1] INFO  org.springframework.boot.web.servlet.FilterRegistrationBean - Mapping filter: 'hiddenHttpMethodFilter' to: [/*]
2020-09-14 14:23:02.112 [localhost-startStop-1] INFO  org.springframework.boot.web.servlet.FilterRegistrationBean - Mapping filter: 'httpPutFormContentFilter' to: [/*]
2020-09-14 14:23:02.112 [localhost-startStop-1] INFO  org.springframework.boot.web.servlet.FilterRegistrationBean - Mapping filter: 'requestContextFilter' to: [/*]
2020-09-14 14:23:02.890 [main] INFO  o.springframework.web.servlet.mvc.method.annotation.RequestMappingHandlerMapping - Mapped "{[/v1/getUserInfo],methods=[POST]}" onto public java.util.List<com.course.model.User> com.course.controller.UserManager.getUserInfo(javax.servlet.http.HttpServletRequest,com.course.model.User)
2020-09-14 14:23:02.891 [main] INFO  o.springframework.web.servlet.mvc.method.annotation.RequestMappingHandlerMapping - Mapped "{[/v1/addUser],methods=[POST]}" onto public boolean com.course.controller.UserManager.addUser(javax.servlet.http.HttpServletRequest,com.course.model.User)
2020-09-14 14:23:02.892 [main] INFO  o.springframework.web.servlet.mvc.method.annotation.RequestMappingHandlerMapping - Mapped "{[/v1/login],methods=[POST]}" onto public boolean com.course.controller.UserManager.login(javax.servlet.http.HttpServletResponse,com.course.model.User)
2020-09-14 14:23:02.894 [main] INFO  o.springframework.web.servlet.mvc.method.annotation.RequestMappingHandlerMapping - Mapped "{[/v1/updateUserInfo],methods=[POST]}" onto public int com.course.controller.UserManager.updateUser(javax.servlet.http.HttpServletRequest,com.course.model.User)
2020-09-14 14:23:02.895 [main] INFO  o.springframework.web.servlet.mvc.method.annotation.RequestMappingHandlerMapping - Mapped "{[/v2/api-docs],methods=[GET],produces=[application/json || application/hal+json]}" onto public org.springframework.http.ResponseEntity<springfox.documentation.spring.web.json.Json> springfox.documentation.swagger2.web.Swagger2Controller.getDocumentation(java.lang.String,javax.servlet.http.HttpServletRequest)
2020-09-14 14:23:02.897 [main] INFO  o.springframework.web.servlet.mvc.method.annotation.RequestMappingHandlerMapping - Mapped "{[/swagger-resources/configuration/ui]}" onto org.springframework.http.ResponseEntity<springfox.documentation.swagger.web.UiConfiguration> springfox.documentation.swagger.web.ApiResourceController.uiConfiguration()
2020-09-14 14:23:02.898 [main] INFO  o.springframework.web.servlet.mvc.method.annotation.RequestMappingHandlerMapping - Mapped "{[/swagger-resources]}" onto org.springframework.http.ResponseEntity<java.util.List<springfox.documentation.swagger.web.SwaggerResource>> springfox.documentation.swagger.web.ApiResourceController.swaggerResources()
2020-09-14 14:23:02.899 [main] INFO  o.springframework.web.servlet.mvc.method.annotation.RequestMappingHandlerMapping - Mapped "{[/swagger-resources/configuration/security]}" onto org.springframework.http.ResponseEntity<springfox.documentation.swagger.web.SecurityConfiguration> springfox.documentation.swagger.web.ApiResourceController.securityConfiguration()
2020-09-14 14:23:02.902 [main] INFO  o.springframework.web.servlet.mvc.method.annotation.RequestMappingHandlerMapping - Mapped "{[/error]}" onto public org.springframework.http.ResponseEntity<java.util.Map<java.lang.String, java.lang.Object>> org.springframework.boot.autoconfigure.web.BasicErrorController.error(javax.servlet.http.HttpServletRequest)
2020-09-14 14:23:02.902 [main] INFO  o.springframework.web.servlet.mvc.method.annotation.RequestMappingHandlerMapping - Mapped "{[/error],produces=[text/html]}" onto public org.springframework.web.servlet.ModelAndView org.springframework.boot.autoconfigure.web.BasicErrorController.errorHtml(javax.servlet.http.HttpServletRequest,javax.servlet.http.HttpServletResponse)
2020-09-14 14:23:03.058 [main] INFO  o.springframework.web.servlet.mvc.method.annotation.RequestMappingHandlerAdapter - Looking for @ControllerAdvice: org.springframework.boot.context.embedded.AnnotationConfigEmbeddedWebApplicationContext@130d63be: startup date [Mon Sep 14 14:23:00 CST 2020]; root of context hierarchy
2020-09-14 14:23:03.101 [main] INFO  org.springframework.web.servlet.handler.SimpleUrlHandlerMapping - Mapped URL path [/webjars/**] onto handler of type [class org.springframework.web.servlet.resource.ResourceHttpRequestHandler]
2020-09-14 14:23:03.101 [main] INFO  org.springframework.web.servlet.handler.SimpleUrlHandlerMapping - Mapped URL path [/**] onto handler of type [class org.springframework.web.servlet.resource.ResourceHttpRequestHandler]
2020-09-14 14:23:03.141 [main] INFO  org.springframework.web.servlet.handler.SimpleUrlHandlerMapping - Mapped URL path [/**/favicon.ico] onto handler of type [class org.springframework.web.servlet.resource.ResourceHttpRequestHandler]
2020-09-14 14:23:03.339 [main] INFO  org.springframework.jmx.export.annotation.AnnotationMBeanExporter - Registering beans for JMX exposure on startup
2020-09-14 14:23:03.347 [main] INFO  org.springframework.context.support.DefaultLifecycleProcessor - Starting beans in phase 2147483647
2020-09-14 14:23:03.347 [main] INFO  springfox.documentation.spring.web.plugins.DocumentationPluginsBootstrapper - Context refreshed
2020-09-14 14:23:03.362 [main] INFO  springfox.documentation.spring.web.plugins.DocumentationPluginsBootstrapper - Found 1 custom documentation plugin(s)
2020-09-14 14:23:03.372 [main] INFO  springfox.documentation.spring.web.scanners.ApiListingReferenceScanner - Scanning for api listing references
2020-09-14 14:23:03.609 [main] INFO  org.springframework.boot.context.embedded.tomcat.TomcatEmbeddedServletContainer - Tomcat started on port(s): 8888 (http)
2020-09-14 14:23:03.614 [main] INFO  com.course.Application - Started Application in 4.016 seconds (JVM running for 5.09)
2020-09-14 14:23:15.055 [http-nio-8888-exec-1] INFO  org.apache.catalina.core.ContainerBase.[Tomcat].[localhost].[/] - Initializing Spring FrameworkServlet 'dispatcherServlet'
2020-09-14 14:23:15.056 [http-nio-8888-exec-1] INFO  org.springframework.web.servlet.DispatcherServlet - FrameworkServlet 'dispatcherServlet': initialization started
2020-09-14 14:23:15.167 [http-nio-8888-exec-1] INFO  org.springframework.web.servlet.DispatcherServlet - FrameworkServlet 'dispatcherServlet': initialization completed in 111 ms
2020-09-14 14:23:17.193 [http-nio-8888-exec-1] INFO  com.course.controller.UserManager - 查看到的结果是0
2020-09-14 14:23:17.901 [http-nio-8888-exec-4] INFO  com.course.controller.UserManager - cookies验证通过
2020-09-14 14:23:17.902 [http-nio-8888-exec-4] INFO  com.course.controller.UserManager - 入参是User{id=0, userName='null', password='null', age='null', sex='null', permission='null', isDelete='null'}
2020-09-14 14:23:17.931 [http-nio-8888-exec-4] INFO  com.course.controller.UserManager - getUserInfo获取到的用户数量是5
2020-09-14 14:27:06.660 [http-nio-8888-exec-2] INFO  com.course.controller.UserManager - 查看到的结果是0
2020-09-14 14:27:07.687 [http-nio-8888-exec-10] INFO  com.course.controller.UserManager - cookies验证通过
2020-09-14 14:27:07.688 [http-nio-8888-exec-10] INFO  com.course.controller.UserManager - 入参是User{id=0, userName='null', password='null', age='null', sex='null', permission='null', isDelete='null'}
2020-09-14 14:27:07.701 [http-nio-8888-exec-10] INFO  com.course.controller.UserManager - getUserInfo获取到的用户数量是5
2020-09-14 14:27:55.706 [http-nio-8888-exec-8] INFO  com.course.controller.UserManager - cookies验证通过
2020-09-14 14:27:55.706 [http-nio-8888-exec-8] INFO  com.course.controller.UserManager - 入参是User{id=1, userName='zhangsan', password='123456', age='null', sex='null', permission='null', isDelete='null'}
2020-09-14 14:27:55.789 [http-nio-8888-exec-8] INFO  com.course.controller.UserManager - getUserInfo获取到的用户数量是1
2020-09-14 14:29:17.233 [http-nio-8888-exec-1] INFO  com.course.controller.UserManager - cookies验证通过
2020-09-14 14:29:17.233 [http-nio-8888-exec-1] INFO  com.course.controller.UserManager - 入参是User{id=1, userName='zhangsan', password='123456', age='null', sex='null', permission='null', isDelete='null'}
2020-09-14 14:29:17.259 [http-nio-8888-exec-1] INFO  com.course.controller.UserManager - getUserInfo获取到的用户数量是1
2020-09-14 14:30:33.870 [http-nio-8888-exec-2] INFO  com.course.controller.UserManager - cookies验证通过
2020-09-14 14:30:33.870 [http-nio-8888-exec-2] INFO  com.course.controller.UserManager - 入参是User{id=1, userName='null', password='null', age='null', sex='null', permission='null', isDelete='null'}
2020-09-14 14:30:33.906 [http-nio-8888-exec-2] INFO  com.course.controller.UserManager - getUserInfo获取到的用户数量是1
2020-09-14 14:30:53.922 [http-nio-8888-exec-10] INFO  com.course.controller.UserManager - cookies验证通过
2020-09-14 14:30:53.922 [http-nio-8888-exec-10] INFO  com.course.controller.UserManager - 入参是User{id=0, userName='null', password='null', age='null', sex='null', permission='null', isDelete='null'}
2020-09-14 14:30:53.949 [http-nio-8888-exec-10] INFO  com.course.controller.UserManager - getUserInfo获取到的用户数量是5
2020-09-14 14:31:02.439 [http-nio-8888-exec-3] INFO  com.course.controller.UserManager - cookies验证通过
2020-09-14 14:31:02.440 [http-nio-8888-exec-3] INFO  com.course.controller.UserManager - 入参是User{id=1, userName='null', password='null', age='null', sex='null', permission='null', isDelete='null'}
2020-09-14 14:31:02.465 [http-nio-8888-exec-3] INFO  com.course.controller.UserManager - getUserInfo获取到的用户数量是1
2020-09-14 14:33:53.920 [http-nio-8888-exec-8] INFO  com.course.controller.UserManager - 查看到的结果是0
2020-09-14 14:33:54.548 [http-nio-8888-exec-9] INFO  com.course.controller.UserManager - cookies验证通过
2020-09-14 14:33:54.548 [http-nio-8888-exec-9] INFO  com.course.controller.UserManager - 入参是User{id=66, userName='null', password='null', age='null', sex='null', permission='null', isDelete='null'}
2020-09-14 14:33:54.562 [http-nio-8888-exec-9] INFO  com.course.controller.UserManager - getUserInfo获取到的用户数量是1
2020-09-14 14:45:50.398 [http-nio-8888-exec-1] INFO  com.course.controller.UserManager - 查看到的结果是0
2020-09-14 14:45:51.161 [http-nio-8888-exec-4] INFO  com.course.controller.UserManager - cookies验证通过
2020-09-14 14:45:51.161 [http-nio-8888-exec-4] INFO  com.course.controller.UserManager - 入参是User{id=66, userName='null', password='null', age='null', sex='null', permission='null', isDelete='null'}
2020-09-14 14:45:51.184 [http-nio-8888-exec-4] INFO  com.course.controller.UserManager - getUserInfo获取到的用户数量是1
2020-09-14 15:39:07.342 [http-nio-8888-exec-2] INFO  com.course.controller.UserManager - 查看到的结果是0
2020-09-14 15:39:08.533 [http-nio-8888-exec-10] INFO  com.course.controller.UserManager - cookies验证通过
2020-09-14 15:39:08.533 [http-nio-8888-exec-10] INFO  com.course.controller.UserManager - 入参是User{id=66, userName='null', password='null', age='null', sex='null', permission='null', isDelete='null'}
2020-09-14 15:39:08.588 [http-nio-8888-exec-10] INFO  com.course.controller.UserManager - getUserInfo获取到的用户数量是1
2020-09-14 15:41:13.391 [http-nio-8888-exec-7] INFO  com.course.controller.UserManager - 查看到的结果是0
2020-09-14 15:41:14.240 [http-nio-8888-exec-8] INFO  com.course.controller.UserManager - cookies验证通过
2020-09-14 15:41:14.240 [http-nio-8888-exec-8] INFO  com.course.controller.UserManager - 入参是User{id=66, userName='null', password='null', age='null', sex='null', permission='null', isDelete='null'}
2020-09-14 15:41:14.263 [http-nio-8888-exec-8] INFO  com.course.controller.UserManager - getUserInfo获取到的用户数量是1
2020-09-14 15:42:13.753 [http-nio-8888-exec-5] INFO  com.course.controller.UserManager - 查看到的结果是0
2020-09-14 15:42:14.352 [http-nio-8888-exec-1] INFO  com.course.controller.UserManager - cookies验证通过
2020-09-14 15:42:14.352 [http-nio-8888-exec-1] INFO  com.course.controller.UserManager - 入参是User{id=66, userName='null', password='null', age='null', sex='null', permission='null', isDelete='null'}
2020-09-14 15:42:14.392 [http-nio-8888-exec-1] INFO  com.course.controller.UserManager - getUserInfo获取到的用户数量是1
2020-09-14 15:42:44.159 [http-nio-8888-exec-6] INFO  com.course.controller.UserManager - 查看到的结果是0
2020-09-14 15:42:44.898 [http-nio-8888-exec-2] INFO  com.course.controller.UserManager - cookies验证通过
2020-09-14 15:42:44.898 [http-nio-8888-exec-2] INFO  com.course.controller.UserManager - 入参是User{id=66, userName='null', password='null', age='null', sex='null', permission='null', isDelete='null'}
2020-09-14 15:42:44.910 [http-nio-8888-exec-2] INFO  com.course.controller.UserManager - getUserInfo获取到的用户数量是1
2020-09-14 15:50:14.709 [http-nio-8888-exec-3] INFO  com.course.controller.UserManager - 查看到的结果是0
2020-09-14 15:50:15.312 [http-nio-8888-exec-7] INFO  com.course.controller.UserManager - cookies验证通过
2020-09-14 15:50:15.312 [http-nio-8888-exec-7] INFO  com.course.controller.UserManager - 入参是User{id=66, userName='null', password='null', age='null', sex='null', permission='null', isDelete='null'}
2020-09-14 15:50:15.351 [http-nio-8888-exec-7] INFO  com.course.controller.UserManager - getUserInfo获取到的用户数量是1
2020-09-14 15:55:22.262 [http-nio-8888-exec-9] INFO  com.course.controller.UserManager - 查看到的结果是0
2020-09-14 15:55:22.887 [http-nio-8888-exec-5] INFO  com.course.controller.UserManager - cookies验证通过
2020-09-14 15:55:22.887 [http-nio-8888-exec-5] INFO  com.course.controller.UserManager - 入参是User{id=66, userName='null', password='null', age='null', sex='null', permission='null', isDelete='null'}
2020-09-14 15:55:22.899 [http-nio-8888-exec-5] INFO  com.course.controller.UserManager - getUserInfo获取到的用户数量是1
2020-09-14 15:56:18.219 [http-nio-8888-exec-4] INFO  com.course.controller.UserManager - 查看到的结果是0
2020-09-14 15:56:18.939 [http-nio-8888-exec-6] INFO  com.course.controller.UserManager - cookies验证通过
2020-09-14 15:56:18.939 [http-nio-8888-exec-6] INFO  com.course.controller.UserManager - 入参是User{id=66, userName='null', password='null', age='null', sex='null', permission='null', isDelete='null'}
2020-09-14 15:56:18.954 [http-nio-8888-exec-6] INFO  com.course.controller.UserManager - getUserInfo获取到的用户数量是1
2020-09-14 16:05:50.986 [http-nio-8888-exec-10] INFO  com.course.controller.UserManager - 查看到的结果是0
2020-09-14 16:05:51.639 [http-nio-8888-exec-3] INFO  com.course.controller.UserManager - cookies验证通过
2020-09-14 16:05:51.639 [http-nio-8888-exec-3] INFO  com.course.controller.UserManager - 入参是User{id=66, userName='null', password='null', age='null', sex='null', permission='null', isDelete='null'}
2020-09-14 16:05:51.652 [http-nio-8888-exec-3] INFO  com.course.controller.UserManager - getUserInfo获取到的用户数量是1
2020-09-14 16:06:08.872 [http-nio-8888-exec-8] INFO  com.course.controller.UserManager - 查看到的结果是0
2020-09-14 16:06:09.474 [http-nio-8888-exec-9] INFO  com.course.controller.UserManager - cookies验证通过
2020-09-14 16:06:09.474 [http-nio-8888-exec-9] INFO  com.course.controller.UserManager - 入参是User{id=66, userName='null', password='null', age='null', sex='null', permission='null', isDelete='null'}
2020-09-14 16:06:09.488 [http-nio-8888-exec-9] INFO  com.course.controller.UserManager - getUserInfo获取到的用户数量是1
2020-09-14 16:07:17.569 [http-nio-8888-exec-1] INFO  com.course.controller.UserManager - 查看到的结果是0
2020-09-14 16:07:18.236 [http-nio-8888-exec-4] INFO  com.course.controller.UserManager - cookies验证通过
2020-09-14 16:07:18.237 [http-nio-8888-exec-4] INFO  com.course.controller.UserManager - 入参是User{id=66, userName='null', password='null', age='null', sex='null', permission='null', isDelete='null'}
2020-09-14 16:07:18.252 [http-nio-8888-exec-4] INFO  com.course.controller.UserManager - getUserInfo获取到的用户数量是1
2020-09-14 16:08:29.111 [http-nio-8888-exec-2] INFO  com.course.controller.UserManager - 查看到的结果是0
2020-09-14 16:08:29.672 [http-nio-8888-exec-10] INFO  com.course.controller.UserManager - cookies验证通过
2020-09-14 16:08:29.672 [http-nio-8888-exec-10] INFO  com.course.controller.UserManager - 入参是User{id=66, userName='null', password='null', age='null', sex='null', permission='null', isDelete='null'}
2020-09-14 16:08:29.697 [http-nio-8888-exec-10] INFO  com.course.controller.UserManager - getUserInfo获取到的用户数量是1
2020-09-14 16:17:54.814 [http-nio-8888-exec-7] INFO  com.course.controller.UserManager - 查看到的结果是0
2020-09-14 16:17:55.489 [http-nio-8888-exec-8] INFO  com.course.controller.UserManager - cookies验证通过
2020-09-14 16:17:55.489 [http-nio-8888-exec-8] INFO  com.course.controller.UserManager - 入参是User{id=66, userName='null', password='null', age='null', sex='null', permission='null', isDelete='null'}
2020-09-14 16:17:55.502 [http-nio-8888-exec-8] INFO  com.course.controller.UserManager - getUserInfo获取到的用户数量是1
2020-09-14 16:19:42.883 [http-nio-8888-exec-5] INFO  com.course.controller.UserManager - 查看到的结果是0
2020-09-14 16:19:43.507 [http-nio-8888-exec-1] INFO  com.course.controller.UserManager - cookies验证通过
2020-09-14 16:19:43.507 [http-nio-8888-exec-1] INFO  com.course.controller.UserManager - 入参是User{id=66, userName='null', password='null', age='null', sex='null', permission='null', isDelete='null'}
2020-09-14 16:19:43.522 [http-nio-8888-exec-1] INFO  com.course.controller.UserManager - getUserInfo获取到的用户数量是1
2020-09-14 16:39:24.650 [http-nio-8888-exec-6] INFO  com.course.controller.UserManager - 查看到的结果是0
2020-09-14 16:39:25.233 [http-nio-8888-exec-2] INFO  com.course.controller.UserManager - cookies验证通过
2020-09-14 16:39:25.233 [http-nio-8888-exec-2] INFO  com.course.controller.UserManager - 入参是User{id=66, userName='null', password='null', age='null', sex='null', permission='null', isDelete='null'}
2020-09-14 16:39:25.246 [http-nio-8888-exec-2] INFO  com.course.controller.UserManager - getUserInfo获取到的用户数量是1
2020-09-14 17:45:10.165 [http-nio-8888-exec-3] INFO  com.course.controller.UserManager - 查看到的结果是0
2020-09-14 17:45:10.908 [http-nio-8888-exec-7] INFO  com.course.controller.UserManager - cookies验证通过
2020-09-14 17:45:10.908 [http-nio-8888-exec-7] INFO  com.course.controller.UserManager - 入参是User{id=66, userName='null', password='null', age='null', sex='null', permission='null', isDelete='null'}
2020-09-14 17:45:10.929 [http-nio-8888-exec-7] INFO  com.course.controller.UserManager - getUserInfo获取到的用户数量是1
